<?xml version="1.0" encoding="UTF-8"?>
<testsuite xmlns:xsi="http://www.w3.org/2001/XMLSchema-instance" xsi:noNamespaceSchemaLocation="https://maven.apache.org/surefire/maven-surefire-plugin/xsd/surefire-test-report-3.0.xsd" version="3.0" name="de.ase.pcpartpicker.adapters.sqlite.DatabaseIntegrationTest" time="61.533" tests="3" errors="0" skipped="0" failures="0">
  <properties>
[...]
</properties>
  <testcase name="computerRepositoryCanSaveAndLoadByUserId" classname="de.ase.pcpartpicker.adapters.sqlite.DatabaseIntegrationTest" time="19.977">
    <system-err><![CDATA[SLF4J: Failed to load class "org.slf4j.impl.StaticLoggerBinder".
SLF4J: Defaulting to no-operation (NOP) logger implementation
SLF4J: See http://www.slf4j.org/codes.html#StaticLoggerBinder for further details.
]]></system-err>
  </testcase>
  <testcase name="initializerSeedsComponentsFromJsonl" classname="de.ase.pcpartpicker.adapters.sqlite.DatabaseIntegrationTest" time="19.399"/>
  <testcase name="userRepositoryCanSaveAndLoadUser" classname="de.ase.pcpartpicker.adapters.sqlite.DatabaseIntegrationTest" time="22.152"/>
</testsuite>